\BOOKMARK [0][-]{chapter.1}{\376\377\000r\000i\000s\000k\000\137\000d\000a\000s\000h}{}% 1
\BOOKMARK [1][-]{section.1.1}{\376\377\000D\000i\000s\000c\000l\000a\000i\000m\000e\000r\000:\000\040\000D\000u\000e\000\040\000t\000o\000\040\000d\000a\000t\000a\000\040\000i\000s\000s\000u\000e\000s\000,\000\040\000o\000n\000l\000y\000\040\000u\000p\000\040\000t\000o\000\040\000M\000a\000r\000c\000h\000\040\0002\0008\000t\000h\000\040\000E\000O\000D\000\040\000i\000s\000\040\000a\000v\000a\000i\000l\000a\000b\000l\000e\000\040\000f\000r\000o\000m\000\040\000Q\000u\000a\000n\000d\000l\040\031\000s\000\040\000W\000I\000K\000I\000\040\000E\000O\000D\000\040\000S\000t\000o\000c\000k\000\040\000P\000r\000i\000c\000e\000s\000\040\000f\000o\000u\000n\000d\000\040\000i\000n\000\040\000t\000h\000e\000\040\000e\000x\000a\000m\000p\000l\000e\000\040\000a\000p\000p\000l\000i\000c\000a\000t\000i\000o\000n\000.}{chapter.1}% 2
\BOOKMARK [2][-]{subsection.1.1.1}{\376\377\000A\000b\000s\000t\000r\000a\000c\000t}{section.1.1}% 3
\BOOKMARK [2][-]{subsection.1.1.2}{\376\377\000T\000h\000e\000s\000i\000s\000\040\000S\000t\000e\000p\000s}{section.1.1}% 4
\BOOKMARK [1][-]{section.1.2}{\376\377\000G\000e\000t\000t\000i\000n\000g\000\040\000S\000t\000a\000r\000t\000e\000d\000\040\000-\000\040\000L\000o\000c\000a\000l\000l\000y\000\040\000R\000u\000n\000n\000i\000n\000g\000\040\000t\000h\000e\000\040\000D\000a\000s\000h\000\040\000A\000p\000p}{chapter.1}% 5
\BOOKMARK [1][-]{section.1.3}{\376\377\000D\000o\000c\000u\000m\000e\000n\000t\000a\000t\000i\000o\000n}{chapter.1}% 6
\BOOKMARK [2][-]{subsection.1.3.1}{\376\377\000O\000b\000j\000e\000c\000t\000\040\000M\000o\000d\000e\000l}{section.1.3}% 7
\BOOKMARK [2][-]{subsection.1.3.2}{\376\377\000F\000i\000l\000e\000\040\000S\000t\000r\000u\000c\000t\000u\000r\000e}{section.1.3}% 8
\BOOKMARK [2][-]{subsection.1.3.3}{\376\377\000C\000u\000r\000r\000e\000n\000t\000\040\000A\000p\000p\000\040\000F\000e\000a\000t\000u\000r\000e\000s}{section.1.3}% 9
\BOOKMARK [2][-]{subsection.1.3.4}{\376\377\000F\000u\000t\000u\000r\000e\000\040\000A\000p\000p\000/\000P\000a\000c\000k\000a\000g\000e\000\040\000F\000e\000a\000t\000u\000r\000e\000s}{section.1.3}% 10
\BOOKMARK [1][-]{section.1.4}{\376\377\000L\000i\000c\000e\000n\000s\000e}{chapter.1}% 11
\BOOKMARK [0][-]{chapter.2}{\376\377\000r\000i\000s\000k\000\137\000d\000a\000s\000h\000\040\000O\000v\000e\000r\000v\000i\000e\000w\000\040\000a\000n\000d\000\040\000G\000e\000t\000t\000i\000n\000g\000\040\000S\000t\000a\000r\000t\000e\000d}{}% 12
\BOOKMARK [1][-]{section.2.1}{\376\377\000O\000v\000e\000r\000v\000i\000e\000w}{chapter.2}% 13
\BOOKMARK [1][-]{section.2.2}{\376\377\000I\000n\000s\000t\000a\000l\000l\000a\000t\000i\000o\000n}{chapter.2}% 14
\BOOKMARK [1][-]{section.2.3}{\376\377\000G\000e\000t\000t\000i\000n\000g\000\040\000S\000t\000a\000r\000t\000e\000d}{chapter.2}% 15
\BOOKMARK [2][-]{subsection.2.3.1}{\376\377\000S\000e\000c\000u\000r\000i\000t\000y\000\040\000d\000a\000t\000a\000,\000\040\000S\000e\000c\000u\000r\000i\000t\000y\000\040\000o\000b\000j\000e\000c\000t\000s\000,\000\040\000a\000n\000d\000\040\000c\000r\000e\000a\000t\000i\000n\000g\000\040\000S\000e\000c\000u\000r\000i\000t\000y\000\040\000S\000u\000b\000c\000l\000a\000s\000s\000e\000s}{section.2.3}% 16
\BOOKMARK [2][-]{subsection.2.3.2}{\376\377\000P\000o\000r\000t\000f\000o\000l\000i\000o\000\040\000D\000a\000t\000a\000\040\000a\000n\000d\000\040\000c\000r\000e\000a\000t\000i\000n\000g\000\040\000a\000\040\000P\000o\000r\000t\000f\000o\000l\000i\000o}{section.2.3}% 17
\BOOKMARK [2][-]{subsection.2.3.3}{\376\377\000C\000a\000l\000c\000u\000l\000a\000t\000i\000n\000g\000\040\000R\000i\000s\000k\000\040\000M\000e\000t\000r\000i\000c\000s\000\040\000a\000n\000d\000\040\000U\000s\000i\000n\000g\000\040\000t\000h\000e\000\040\000P\000o\000r\000t\000f\000o\000l\000i\000o\000\040\000c\000l\000a\000s\000s}{section.2.3}% 18
\BOOKMARK [2][-]{subsection.2.3.4}{\376\377\000S\000i\000m\000u\000l\000a\000t\000i\000n\000g\000\040\000t\000h\000e\000\040\000P\000o\000r\000t\000f\000o\000l\000i\000o}{section.2.3}% 19
\BOOKMARK [1][-]{section.2.4}{\376\377\000S\000u\000m\000m\000a\000r\000y}{chapter.2}% 20
\BOOKMARK [0][-]{chapter.3}{\376\377\000r\000i\000s\000k\000\137\000d\000a\000s\000h\000\040\000D\000a\000s\000h\000\040\000a\000p\000p\000l\000i\000c\000a\000t\000i\000o\000n\000\040\000d\000o\000c\000u\000m\000e\000n\000t\000a\000t\000i\000o\000n}{}% 21
\BOOKMARK [1][-]{section.3.1}{\376\377\000O\000v\000e\000r\000v\000i\000e\000w}{chapter.3}% 22
\BOOKMARK [1][-]{section.3.2}{\376\377\000G\000e\000t\000t\000i\000n\000g\000\040\000S\000t\000a\000r\000t\000e\000d\000\040\000-\000\040\000L\000o\000c\000a\000l\000l\000y\000\040\000R\000u\000n\000n\000i\000n\000g\000\040\000t\000h\000e\000\040\000D\000a\000s\000h\000\040\000A\000p\000p}{chapter.3}% 23
\BOOKMARK [2][-]{subsection.3.2.1}{\376\377\000D\000a\000s\000h\000\040\000a\000p\000p\000l\000i\000c\000a\000t\000i\000o\000n\000s}{section.3.2}% 24
\BOOKMARK [2][-]{subsection.3.2.2}{\376\377\000T\000h\000e\000\040\000r\000i\000s\000k\000\137\000d\000a\000s\000h\000\040\000D\000a\000s\000h\000\040\000o\000b\000j\000e\000c\000t}{section.3.2}% 25
\BOOKMARK [2][-]{subsection.3.2.3}{\376\377\000R\000u\000n\000n\000i\000n\000g\000\040\000t\000h\000e\000\040\000a\000p\000p\000l\000i\000c\000a\000t\000i\000o\000n\000\040\000l\000o\000c\000a\000l\000l\000y}{section.3.2}% 26
\BOOKMARK [1][-]{section.3.3}{\376\377\000A\000p\000p\000l\000i\000c\000a\000t\000i\000o\000n\000\040\000U\000s\000a\000g\000e}{chapter.3}% 27
\BOOKMARK [2][-]{subsection.3.3.1}{\376\377\000I\000n\000d\000i\000v\000i\000d\000u\000a\000l\000\040\000E\000q\000u\000i\000t\000y\000\040\000A\000n\000a\000l\000y\000s\000i\000s\000\040\000P\000a\000g\000e\000\040\000-\000\040\000s\000i\000n\000g\000l\000e\000\137\000t\000i\000c\000k\000e\000r\000.\000p\000y}{section.3.3}% 28
\BOOKMARK [2][-]{subsection.3.3.2}{\376\377\000P\000o\000r\000t\000f\000o\000l\000i\000o\000\040\000M\000e\000t\000r\000i\000c\000s\000\040\000-\000\040\000p\000o\000r\000t\000f\000o\000l\000i\000o\000\137\000m\000e\000t\000r\000i\000c\000s\000.\000p\000y}{section.3.3}% 29
\BOOKMARK [1][-]{section.3.4}{\376\377\000S\000u\000m\000m\000a\000r\000y}{chapter.3}% 30
\BOOKMARK [0][-]{chapter.4}{\376\377\000r\000i\000s\000k\000\137\000d\000a\000s\000h\000.\000s\000e\000c\000u\000r\000i\000t\000i\000e\000s}{}% 31
\BOOKMARK [0][-]{chapter.5}{\376\377\000r\000i\000s\000k\000\137\000d\000a\000s\000h\000.\000m\000a\000r\000k\000e\000t\000\137\000d\000a\000t\000a}{}% 32
\BOOKMARK [0][-]{chapter.6}{\376\377\000r\000i\000s\000k\000\137\000d\000a\000s\000h\000.\000s\000i\000m\000g\000e\000n}{}% 33
\BOOKMARK [0][-]{chapter.7}{\376\377\000S\000o\000f\000t\000w\000a\000r\000e\000\040\000L\000i\000c\000e\000n\000s\000e}{}% 34
\BOOKMARK [0][-]{chapter.8}{\376\377\000I\000n\000d\000i\000c\000e\000s\000\040\000a\000n\000d\000\040\000t\000a\000b\000l\000e\000s}{}% 35
\BOOKMARK [0][-]{section*.52}{\376\377\000P\000y\000t\000h\000o\000n\000\040\000M\000o\000d\000u\000l\000e\000\040\000I\000n\000d\000e\000x}{}% 36
\BOOKMARK [0][-]{section*.53}{\376\377\000I\000n\000d\000e\000x}{}% 37
